[debug] [2022-11-20T03:41:18.578Z] ----------------------------------------------------------------------
[debug] [2022-11-20T03:41:18.580Z] Command:       C:\Program Files\nodejs\node.exe C:\Users\galla\AppData\Roaming\npm\node_modules\firebase-tools\lib\bin\firebase.js init hosting:github
[debug] [2022-11-20T03:41:18.580Z] CLI Version:   11.16.1
[debug] [2022-11-20T03:41:18.580Z] Platform:      win32
[debug] [2022-11-20T03:41:18.580Z] Node Version:  v18.12.1
[debug] [2022-11-20T03:41:18.581Z] Time:          Sat Nov 19 2022 22:41:18 GMT-0500 (Eastern Standard Time)
[debug] [2022-11-20T03:41:18.581Z] ----------------------------------------------------------------------
[debug] 
[debug] [2022-11-20T03:41:18.636Z] Object "" in "firebase.json" has unknown property: {"additionalProperty":"run"}
[debug] [2022-11-20T03:41:18.640Z] > command requires scopes: ["email","openid","https://www.googleapis.com/auth/cloudplatformprojects.readonly","https://www.googleapis.com/auth/firebase","https://www.googleapis.com/auth/cloud-platform"]
[debug] [2022-11-20T03:41:18.640Z] > authorizing via signed-in user (gallagherpatrick21@gmail.com)
[debug] [2022-11-20T03:41:18.641Z] Object "" in "firebase.json" has unknown property: {"additionalProperty":"run"}
[info] 
     ######## #### ########  ######## ########     ###     ######  ########
     ##        ##  ##     ## ##       ##     ##  ##   ##  ##       ##
     ######    ##  ########  ######   ########  #########  ######  ######
     ##        ##  ##    ##  ##       ##     ## ##     ##       ## ##
     ##       #### ##     ## ######## ########  ##     ##  ######  ########

You're about to initialize a Firebase project in this directory:

  C:\myWebsite

Before we get started, keep in mind:

  * You are currently outside your home directory
  * You are initializing within an existing Firebase project directory

[info] 
=== Project Setup
[info] 
[info] First, let's associate this project directory with a Firebase project.
[info] You can create multiple project aliases by running firebase use --add, 
[info] but for now we'll just set up a default project.
[info] 
[debug] [2022-11-20T03:41:21.384Z] Using project from CLI flag: patrickgallagherwebsite
[debug] [2022-11-20T03:41:21.386Z] >>> [apiv2][query] GET https://firebase.googleapis.com/v1beta1/projects/patrickgallagherwebsite [none]
[debug] [2022-11-20T03:41:21.698Z] <<< [apiv2][status] GET https://firebase.googleapis.com/v1beta1/projects/patrickgallagherwebsite 200
[debug] [2022-11-20T03:41:21.698Z] <<< [apiv2][body] GET https://firebase.googleapis.com/v1beta1/projects/patrickgallagherwebsite {"projectId":"patrickgallagherwebsite","projectNumber":"613340694086","displayName":"patrickgallagherwebsite","name":"projects/patrickgallagherwebsite","resources":{"hostingSite":"patrickgallagherwebsite"},"state":"ACTIVE","etag":"1_7d93763b-c327-4a44-985c-a8ccda90e80c"}
[info] i  Using project patrickgallagherwebsite (patrickgallagherwebsite) 
[info] 
=== Hosting:github Setup
[info] 
[info] i  Detected a .git folder at C:\myWebsite 
[info] i  Authorizing with GitHub to upload your service account to a GitHub repository's secrets store. 
[info] 
[info] Visit this URL on this device to log in:
[info] https://github.com/login/oauth/authorize?client_id=89cf50f02ac6aaed3484&state=953652308&redirect_uri=http%3A%2F%2Flocalhost%3A9005&scope=read%3Auser%20repo%20public_repo
[info] 
[info] Waiting for authentication...
[debug] [2022-11-20T03:41:22.108Z] >>> [apiv2][query] POST https://github.com/login/oauth/access_token [none]
[debug] [2022-11-20T03:41:22.108Z] >>> [apiv2][body] POST https://github.com/login/oauth/access_token [stream]
[debug] [2022-11-20T03:41:22.294Z] <<< [apiv2][status] POST https://github.com/login/oauth/access_token 200
[debug] [2022-11-20T03:41:22.294Z] <<< [apiv2][body] POST https://github.com/login/oauth/access_token {"access_token":"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","token_type":"bearer","scope":"read:user,repo"}
[debug] [2022-11-20T03:41:22.298Z] >>> [apiv2][query] GET https://api.github.com/user [none]
[debug] [2022-11-20T03:41:22.491Z] <<< [apiv2][status] GET https://api.github.com/user 200
[debug] [2022-11-20T03:41:22.491Z] <<< [apiv2][body] GET https://api.github.com/user {"login":"gallagherpat","id":48256598,"node_id":"MDQ6VXNlcjQ4MjU2NTk4","avatar_url":"https://avatars.githubusercontent.com/u/48256598?v=4","gravatar_id":"","url":"https://api.github.com/users/gallagherpat","html_url":"https://github.com/gallagherpat","followers_url":"https://api.github.com/users/gallagherpat/followers","following_url":"https://api.github.com/users/gallagherpat/following{/other_user}","gists_url":"https://api.github.com/users/gallagherpat/gists{/gist_id}","starred_url":"https://api.github.com/users/gallagherpat/starred{/owner}{/repo}","subscriptions_url":"https://api.github.com/users/gallagherpat/subscriptions","organizations_url":"https://api.github.com/users/gallagherpat/orgs","repos_url":"https://api.github.com/users/gallagherpat/repos","events_url":"https://api.github.com/users/gallagherpat/events{/privacy}","received_events_url":"https://api.github.com/users/gallagherpat/received_events","type":"User","site_admin":false,"name":null,"company":null,"blog":"","location":null,"email":null,"hireable":null,"bio":null,"twitter_username":null,"public_repos":4,"public_gists":0,"followers":0,"following":0,"created_at":"2019-03-05T17:46:59Z","updated_at":"2022-09-13T01:42:35Z","private_gists":0,"total_private_repos":0,"owned_private_repos":0,"disk_usage":20690,"collaborators":0,"two_factor_authentication":false,"plan":{"name":"free","space":976562499,"collaborators":0,"private_repos":10000}}
[info] 
[info] +  Success! Logged into GitHub as gallagherpat 
[info] 
[debug] [2022-11-20T03:41:52.205Z] >>> [apiv2][query] GET https://api.github.com/repos/gfgallagherpat/myWebsite)/actions/secrets/public-key type=owner
[debug] [2022-11-20T03:41:52.334Z] <<< [apiv2][status] GET https://api.github.com/repos/gfgallagherpat/myWebsite)/actions/secrets/public-key 404
[debug] [2022-11-20T03:41:52.334Z] <<< [apiv2][body] GET https://api.github.com/repos/gfgallagherpat/myWebsite)/actions/secrets/public-key {"message":"Not Found","documentation_url":"https://docs.github.com/rest/reference/actions#get-a-repository-public-key"}
[debug] [2022-11-20T03:43:04.102Z] >>> [apiv2][query] GET https://api.github.com/repos/gfgalla[Agherpat/myWebe)[C[B(https://github.com/gallagherpat/myWebsite.git)/actions/secrets/public-key type=owner
[debug] [2022-11-20T03:43:04.215Z] <<< [apiv2][status] GET https://api.github.com/repos/gfgalla[Agherpat/myWebe)[C[B(https://github.com/gallagherpat/myWebsite.git)/actions/secrets/public-key 404
[debug] [2022-11-20T03:43:04.215Z] <<< [apiv2][body] GET https://api.github.com/repos/gfgalla[Agherpat/myWebe)[C[B(https://github.com/gallagherpat/myWebsite.git)/actions/secrets/public-key {"message":"Not Found","documentation_url":"https://docs.github.com/rest"}
[debug] [2022-11-20T03:45:13.921Z] ----------------------------------------------------------------------
[debug] [2022-11-20T03:45:13.923Z] Command:       C:\Program Files\nodejs\node.exe C:\Users\galla\AppData\Roaming\npm\node_modules\firebase-tools\lib\bin\firebase.js init hosting:github
[debug] [2022-11-20T03:45:13.923Z] CLI Version:   11.16.1
[debug] [2022-11-20T03:45:13.923Z] Platform:      win32
[debug] [2022-11-20T03:45:13.923Z] Node Version:  v18.12.1
[debug] [2022-11-20T03:45:13.924Z] Time:          Sat Nov 19 2022 22:45:13 GMT-0500 (Eastern Standard Time)
[debug] [2022-11-20T03:45:13.924Z] ----------------------------------------------------------------------
[debug] 
[debug] [2022-11-20T03:45:13.980Z] Object "" in "firebase.json" has unknown property: {"additionalProperty":"run"}
[debug] [2022-11-20T03:45:13.988Z] > command requires scopes: ["email","openid","https://www.googleapis.com/auth/cloudplatformprojects.readonly","https://www.googleapis.com/auth/firebase","https://www.googleapis.com/auth/cloud-platform"]
[debug] [2022-11-20T03:45:13.988Z] > authorizing via signed-in user (gallagherpatrick21@gmail.com)
[debug] [2022-11-20T03:45:13.989Z] Object "" in "firebase.json" has unknown property: {"additionalProperty":"run"}
[info] 
     ######## #### ########  ######## ########     ###     ######  ########
     ##        ##  ##     ## ##       ##     ##  ##   ##  ##       ##
     ######    ##  ########  ######   ########  #########  ######  ######
     ##        ##  ##    ##  ##       ##     ## ##     ##       ## ##
     ##       #### ##     ## ######## ########  ##     ##  ######  ########

You're about to initialize a Firebase project in this directory:

  C:\myWebsite

Before we get started, keep in mind:

  * You are currently outside your home directory
  * You are initializing within an existing Firebase project directory

[info] 
=== Project Setup
[info] 
[info] First, let's associate this project directory with a Firebase project.
[info] You can create multiple project aliases by running firebase use --add, 
[info] but for now we'll just set up a default project.
[info] 
[debug] [2022-11-20T03:45:29.517Z] Using project from CLI flag: patrickgallagherwebsite
[debug] [2022-11-20T03:45:29.519Z] >>> [apiv2][query] GET https://firebase.googleapis.com/v1beta1/projects/patrickgallagherwebsite [none]
[debug] [2022-11-20T03:45:29.832Z] <<< [apiv2][status] GET https://firebase.googleapis.com/v1beta1/projects/patrickgallagherwebsite 200
[debug] [2022-11-20T03:45:29.832Z] <<< [apiv2][body] GET https://firebase.googleapis.com/v1beta1/projects/patrickgallagherwebsite {"projectId":"patrickgallagherwebsite","projectNumber":"613340694086","displayName":"patrickgallagherwebsite","name":"projects/patrickgallagherwebsite","resources":{"hostingSite":"patrickgallagherwebsite"},"state":"ACTIVE","etag":"1_7d93763b-c327-4a44-985c-a8ccda90e80c"}
[info] i  Using project patrickgallagherwebsite (patrickgallagherwebsite) 
[info] 
=== Hosting:github Setup
[info] 
[info] i  Detected a .git folder at C:\myWebsite 
[info] i  Authorizing with GitHub to upload your service account to a GitHub repository's secrets store. 
[info] 
[info] Visit this URL on this device to log in:
[info] https://github.com/login/oauth/authorize?client_id=89cf50f02ac6aaed3484&state=765689618&redirect_uri=http%3A%2F%2Flocalhost%3A9005&scope=read%3Auser%20repo%20public_repo
[info] 
[info] Waiting for authentication...
[debug] [2022-11-20T03:45:30.204Z] >>> [apiv2][query] POST https://github.com/login/oauth/access_token [none]
[debug] [2022-11-20T03:45:30.204Z] >>> [apiv2][body] POST https://github.com/login/oauth/access_token [stream]
[debug] [2022-11-20T03:45:30.373Z] <<< [apiv2][status] POST https://github.com/login/oauth/access_token 200
[debug] [2022-11-20T03:45:30.373Z] <<< [apiv2][body] POST https://github.com/login/oauth/access_token {"access_token":"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","token_type":"bearer","scope":"read:user,repo"}
[debug] [2022-11-20T03:45:30.377Z] >>> [apiv2][query] GET https://api.github.com/user [none]
[debug] [2022-11-20T03:45:30.526Z] <<< [apiv2][status] GET https://api.github.com/user 200
[debug] [2022-11-20T03:45:30.526Z] <<< [apiv2][body] GET https://api.github.com/user {"login":"gallagherpat","id":48256598,"node_id":"MDQ6VXNlcjQ4MjU2NTk4","avatar_url":"https://avatars.githubusercontent.com/u/48256598?v=4","gravatar_id":"","url":"https://api.github.com/users/gallagherpat","html_url":"https://github.com/gallagherpat","followers_url":"https://api.github.com/users/gallagherpat/followers","following_url":"https://api.github.com/users/gallagherpat/following{/other_user}","gists_url":"https://api.github.com/users/gallagherpat/gists{/gist_id}","starred_url":"https://api.github.com/users/gallagherpat/starred{/owner}{/repo}","subscriptions_url":"https://api.github.com/users/gallagherpat/subscriptions","organizations_url":"https://api.github.com/users/gallagherpat/orgs","repos_url":"https://api.github.com/users/gallagherpat/repos","events_url":"https://api.github.com/users/gallagherpat/events{/privacy}","received_events_url":"https://api.github.com/users/gallagherpat/received_events","type":"User","site_admin":false,"name":null,"company":null,"blog":"","location":null,"email":null,"hireable":null,"bio":null,"twitter_username":null,"public_repos":4,"public_gists":0,"followers":0,"following":0,"created_at":"2019-03-05T17:46:59Z","updated_at":"2022-09-13T01:42:35Z","private_gists":0,"total_private_repos":0,"owned_private_repos":0,"disk_usage":20690,"collaborators":0,"two_factor_authentication":false,"plan":{"name":"free","space":976562499,"collaborators":0,"private_repos":10000}}
[info] 
[info] +  Success! Logged into GitHub as gallagherpat 
[info] 
[debug] [2022-11-20T03:46:01.843Z] >>> [apiv2][query] GET https://api.github.com/repos/ :gallagherpat/myWebsite/actions/secrets/public-key type=owner
[debug] [2022-11-20T03:46:01.961Z] <<< [apiv2][status] GET https://api.github.com/repos/ :gallagherpat/myWebsite/actions/secrets/public-key 404
[debug] [2022-11-20T03:46:01.961Z] <<< [apiv2][body] GET https://api.github.com/repos/ :gallagherpat/myWebsite/actions/secrets/public-key {"message":"Not Found","documentation_url":"https://docs.github.com/rest/reference/actions#get-a-repository-public-key"}
[debug] [2022-11-20T03:51:34.223Z] >>> [apiv2][query] GET https://api.github.com/repos/ :gallagherpat/myWebsite/actions/secrets/public-key type=owner
[debug] [2022-11-20T03:51:34.354Z] <<< [apiv2][status] GET https://api.github.com/repos/ :gallagherpat/myWebsite/actions/secrets/public-key 404
[debug] [2022-11-20T03:51:34.355Z] <<< [apiv2][body] GET https://api.github.com/repos/ :gallagherpat/myWebsite/actions/secrets/public-key {"message":"Not Found","documentation_url":"https://docs.github.com/rest/reference/actions#get-a-repository-public-key"}
[debug] [2022-11-20T03:51:34.970Z] >>> [apiv2][query] GET https://api.github.com/repos/ :gallagherpat/myWebsite/actions/secrets/public-key type=owner
[debug] [2022-11-20T03:51:35.070Z] <<< [apiv2][status] GET https://api.github.com/repos/ :gallagherpat/myWebsite/actions/secrets/public-key 404
[debug] [2022-11-20T03:51:35.070Z] <<< [apiv2][body] GET https://api.github.com/repos/ :gallagherpat/myWebsite/actions/secrets/public-key {"message":"Not Found","documentation_url":"https://docs.github.com/rest/reference/actions#get-a-repository-public-key"}
[debug] [2022-11-20T03:56:38.322Z] ----------------------------------------------------------------------
[debug] [2022-11-20T03:56:38.324Z] Command:       C:\Program Files\nodejs\node.exe C:\Users\galla\AppData\Roaming\npm\node_modules\firebase-tools\lib\bin\firebase.js init hosting:github
[debug] [2022-11-20T03:56:38.324Z] CLI Version:   11.16.1
[debug] [2022-11-20T03:56:38.324Z] Platform:      win32
[debug] [2022-11-20T03:56:38.324Z] Node Version:  v18.12.1
[debug] [2022-11-20T03:56:38.325Z] Time:          Sat Nov 19 2022 22:56:38 GMT-0500 (Eastern Standard Time)
[debug] [2022-11-20T03:56:38.325Z] ----------------------------------------------------------------------
[debug] 
[debug] [2022-11-20T03:56:38.378Z] Object "" in "firebase.json" has unknown property: {"additionalProperty":"run"}
[debug] [2022-11-20T03:56:38.382Z] > command requires scopes: ["email","openid","https://www.googleapis.com/auth/cloudplatformprojects.readonly","https://www.googleapis.com/auth/firebase","https://www.googleapis.com/auth/cloud-platform"]
[debug] [2022-11-20T03:56:38.382Z] > authorizing via signed-in user (gallagherpatrick21@gmail.com)
[debug] [2022-11-20T03:56:38.383Z] Object "" in "firebase.json" has unknown property: {"additionalProperty":"run"}
[info] 
     ######## #### ########  ######## ########     ###     ######  ########
     ##        ##  ##     ## ##       ##     ##  ##   ##  ##       ##
     ######    ##  ########  ######   ########  #########  ######  ######
     ##        ##  ##    ##  ##       ##     ## ##     ##       ## ##
     ##       #### ##     ## ######## ########  ##     ##  ######  ########

You're about to initialize a Firebase project in this directory:

  C:\myWebsite

Before we get started, keep in mind:

  * You are currently outside your home directory
  * You are initializing within an existing Firebase project directory

[info] 
=== Project Setup
[info] 
[info] First, let's associate this project directory with a Firebase project.
[info] You can create multiple project aliases by running firebase use --add, 
[info] but for now we'll just set up a default project.
[info] 
[debug] [2022-11-20T03:56:42.510Z] Using project from CLI flag: patrickgallagherwebsite
[debug] [2022-11-20T03:56:42.511Z] > refreshing access token with scopes: []
[debug] [2022-11-20T03:56:42.513Z] >>> [apiv2][query] POST https://www.googleapis.com/oauth2/v3/token [none]
[debug] [2022-11-20T03:56:42.513Z] >>> [apiv2][body] POST https://www.googleapis.com/oauth2/v3/token [omitted]
[debug] [2022-11-20T03:56:42.685Z] <<< [apiv2][status] POST https://www.googleapis.com/oauth2/v3/token 200
[debug] [2022-11-20T03:56:42.685Z] <<< [apiv2][body] POST https://www.googleapis.com/oauth2/v3/token [omitted]
[debug] [2022-11-20T03:56:42.691Z] >>> [apiv2][query] GET https://firebase.googleapis.com/v1beta1/projects/patrickgallagherwebsite [none]
[debug] [2022-11-20T03:56:42.928Z] <<< [apiv2][status] GET https://firebase.googleapis.com/v1beta1/projects/patrickgallagherwebsite 200
[debug] [2022-11-20T03:56:42.928Z] <<< [apiv2][body] GET https://firebase.googleapis.com/v1beta1/projects/patrickgallagherwebsite {"projectId":"patrickgallagherwebsite","projectNumber":"613340694086","displayName":"patrickgallagherwebsite","name":"projects/patrickgallagherwebsite","resources":{"hostingSite":"patrickgallagherwebsite"},"state":"ACTIVE","etag":"1_7d93763b-c327-4a44-985c-a8ccda90e80c"}
[info] i  Using project patrickgallagherwebsite (patrickgallagherwebsite) 
[info] 
=== Hosting:github Setup
[info] 
[info] i  Detected a .git folder at C:\myWebsite 
[info] i  Authorizing with GitHub to upload your service account to a GitHub repository's secrets store. 
[info] 
[info] Visit this URL on this device to log in:
[info] https://github.com/login/oauth/authorize?client_id=89cf50f02ac6aaed3484&state=120817057&redirect_uri=http%3A%2F%2Flocalhost%3A9005&scope=read%3Auser%20repo%20public_repo
[info] 
[info] Waiting for authentication...
[debug] [2022-11-20T03:56:43.338Z] >>> [apiv2][query] POST https://github.com/login/oauth/access_token [none]
[debug] [2022-11-20T03:56:43.338Z] >>> [apiv2][body] POST https://github.com/login/oauth/access_token [stream]
[debug] [2022-11-20T03:56:43.486Z] <<< [apiv2][status] POST https://github.com/login/oauth/access_token 200
[debug] [2022-11-20T03:56:43.486Z] <<< [apiv2][body] POST https://github.com/login/oauth/access_token {"access_token":"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","token_type":"bearer","scope":"read:user,repo"}
[debug] [2022-11-20T03:56:43.490Z] >>> [apiv2][query] GET https://api.github.com/user [none]
[debug] [2022-11-20T03:56:43.655Z] <<< [apiv2][status] GET https://api.github.com/user 200
[debug] [2022-11-20T03:56:43.656Z] <<< [apiv2][body] GET https://api.github.com/user {"login":"gallagherpat","id":48256598,"node_id":"MDQ6VXNlcjQ4MjU2NTk4","avatar_url":"https://avatars.githubusercontent.com/u/48256598?v=4","gravatar_id":"","url":"https://api.github.com/users/gallagherpat","html_url":"https://github.com/gallagherpat","followers_url":"https://api.github.com/users/gallagherpat/followers","following_url":"https://api.github.com/users/gallagherpat/following{/other_user}","gists_url":"https://api.github.com/users/gallagherpat/gists{/gist_id}","starred_url":"https://api.github.com/users/gallagherpat/starred{/owner}{/repo}","subscriptions_url":"https://api.github.com/users/gallagherpat/subscriptions","organizations_url":"https://api.github.com/users/gallagherpat/orgs","repos_url":"https://api.github.com/users/gallagherpat/repos","events_url":"https://api.github.com/users/gallagherpat/events{/privacy}","received_events_url":"https://api.github.com/users/gallagherpat/received_events","type":"User","site_admin":false,"name":null,"company":null,"blog":"","location":null,"email":null,"hireable":null,"bio":null,"twitter_username":null,"public_repos":4,"public_gists":0,"followers":0,"following":0,"created_at":"2019-03-05T17:46:59Z","updated_at":"2022-09-13T01:42:35Z","private_gists":0,"total_private_repos":0,"owned_private_repos":0,"disk_usage":20690,"collaborators":0,"two_factor_authentication":false,"plan":{"name":"free","space":976562499,"collaborators":0,"private_repos":10000}}
[info] 
[info] +  Success! Logged into GitHub as gallagherpat 
[info] 
